<?xml version="1.0" encoding="UTF-8"?>
<testng-results ignored="0" total="1" passed="1" failed="0" skipped="0">
  <reporter-output>
  </reporter-output>
  <suite started-at="2022-07-28T20:55:23 ART" name="Default suite" finished-at="2022-07-28T20:55:24 ART" duration-ms="1126">
    <groups>
    </groups>
    <test started-at="2022-07-28T20:55:23 ART" name="Default test" finished-at="2022-07-28T20:55:24 ART" duration-ms="1126">
      <class name="pruebas.AccesoABaseDeDatos">
        <test-method signature="testBaseDeDatos()[pri:0, instance:pruebas.AccesoABaseDeDatos@35cabb2a]" started-at="2022-07-28T20:55:23 ART" name="testBaseDeDatos" finished-at="2022-07-28T20:55:24 ART" duration-ms="998" status="PASS">
          <reporter-output>
          </reporter-output>
        </test-method> <!-- testBaseDeDatos -->
      </class> <!-- pruebas.AccesoABaseDeDatos -->
    </test> <!-- Default test -->
  </suite> <!-- Default suite -->
</testng-results>
